{
  "stats": {
    "suites": 2,
    "tests": 85,
    "passes": 81,
    "pending": 0,
    "failures": 4,
    "start": "2025-08-23T15:34:34.828Z",
    "end": "2025-08-23T16:00:07.480Z",
    "duration": 1532652,
    "testsRegistered": 85,
    "passPercent": 95.29411764705881,
    "pendingPercent": 0,
    "other": 0,
    "hasOther": false,
    "skipped": 0,
    "hasSkipped": false
  },
  "results": [
    {
      "uuid": "c1673125-427e-46d0-b849-d4cec0f835af",
      "title": "",
      "fullFile": "",
      "file": "",
      "beforeHooks": [],
      "afterHooks": [],
      "tests": [],
      "suites": [
        {
          "uuid": "0a4b5118-9caa-40fb-8a52-4edb718333d4",
          "title": "📝 Registration Test Suite",
          "fullFile": "C:\\demo-selenium\\tests\\mocha-data-driven.test.js",
          "file": "\\tests\\mocha-data-driven.test.js",
          "beforeHooks": [
            {
              "title": "\"before all\" hook in \"📝 Registration Test Suite\"",
              "fullTitle": "📝 Registration Test Suite \"before all\" hook in \"📝 Registration Test Suite\"",
              "timedOut": false,
              "duration": 2070,
              "state": null,
              "speed": null,
              "pass": false,
              "fail": false,
              "pending": false,
              "context": null,
              "code": "this.timeout(testConfig.timeouts.setup);\nconsole.log(`\\n🚀 Starting registration test with ${testUsers.length} users`);\n\ndriver = await createDriver(testConfig.browser, testConfig.headless);\nconsole.log('✅ WebDriver initialized successfully for Registration');",
              "err": {},
              "uuid": "7d8b1039-70f9-4f82-bf01-a48c4c763c61",
              "parentUUID": "0a4b5118-9caa-40fb-8a52-4edb718333d4",
              "isHook": true,
              "skipped": false
            }
          ],
          "afterHooks": [
            {
              "title": "\"after all\" hook in \"📝 Registration Test Suite\"",
              "fullTitle": "📝 Registration Test Suite \"after all\" hook in \"📝 Registration Test Suite\"",
              "timedOut": false,
              "duration": 80,
              "state": null,
              "speed": null,
              "pass": false,
              "fail": false,
              "pending": false,
              "context": null,
              "code": "this.timeout(testConfig.timeouts.setup);\nif (driver) {\n    await driver.quit();\n    console.log('✅ Registration WebDriver closed successfully');\n}\n\nconsole.log(`\\n📊 Registration Results Summary:`);\nconsole.log(`✅ Successful: ${successfulRegistrations.length}/${testUsers.length}`);\nconsole.log(`⚠ Failed: ${failedRegistrations.length}/${testUsers.length}`);\n\nif (failedRegistrations.length > 0) {\n    console.log('\\n⚠ Failed Registration Test Cases:');\n    failedRegistrations.forEach(tc => console.log(`  - ${tc}`));\n}",
              "err": {},
              "uuid": "b0ced6c4-b2f7-455a-9e76-1d30c23e853c",
              "parentUUID": "0a4b5118-9caa-40fb-8a52-4edb718333d4",
              "isHook": true,
              "skipped": false
            }
          ],
          "tests": [
            {
              "title": "📝 Register Sign Up-TC01: Nguyen Van",
              "fullTitle": "📝 Registration Test Suite 📝 Register Sign Up-TC01: Nguyen Van",
              "timedOut": false,
              "duration": 23334,
              "state": "passed",
              "speed": "slow",
              "pass": true,
              "fail": false,
              "pending": false,
              "context": null,
              "code": "this.timeout(testConfig.timeouts.testCase);\n\ntry {\n    console.log(`\\n🔄 Starting registration test ${index + 1}/${testUsers.length}: ${user.testCaseID}`);\n    \n    // Fresh start - navigate to homepage\n    await driver.get(testConfig.baseUrl);\n    await driver.sleep(400);\n    \n    // Navigate to registration page\n    await waitAndClick(driver, By.css('[data-test=\"nav-sign-in\"]'));\n    await driver.sleep(100);\n    await waitAndClick(driver, By.css('[data-test=\"register-link\"]'));\n    \n    // Wait for registration form to load completely\n    await driver.wait(until.elementLocated(By.id('first_name')), testConfig.timeouts.elementWait);\n    await driver.sleep(200); // Wait for form to be fully interactive\n    \n    // Reset any existing form state\n    await resetFormState(driver);\n    \n    // Fill form step by step with verification\n    console.log('📋 Filling form fields...');\n    \n    await waitAndFillElement(driver, By.id('first_name'), user.firstName);\n    await waitAndFillElement(driver, By.id('last_name'), user.lastName);\n    \n    // Handle Date of Birth with enhanced approach\n    console.log(`📅 Setting DOB: ${user.dob}`);\n    const dobElement = await findElementWithRetry(driver, By.id('dob'));\n    \n    await driver.executeScript(\"arguments[0].scrollIntoView({behavior: 'smooth', block: 'center'});\", dobElement);\n    await driver.sleep(60);\n    \n    // Use the enhanced date setting function\n    try {\n        const finalValue = await setDateValue(driver, dobElement, user.dob);\n        console.log(`📅 DOB successfully set to: ${finalValue}`);\n    } catch (error) {\n        console.log(`⚠ Failed to set DOB: ${error.message}`);\n        \n        // Last resort: try different date formats\n        const alternativeFormats = [\n            user.dob, // 2007-06-08\n            user.dob.replace(/-/g, '/'), // 2007/06/08\n            user.dob.split('-').reverse().join('/'), // 08/06/2007\n            user.dob.split('-').slice(1).concat(user.dob.split('-')[0]).join('/') // 06/08/2007\n        ];\n        \n        for (const format of alternativeFormats) {\n            try {\n                console.log(`⚠️ Trying alternative DOB format: ${format}`);\n                await driver.executeScript(`\n                    arguments[0].value = '';\n                    arguments[0].value = arguments[1];\n                    arguments[0].dispatchEvent(new Event('input', { bubbles: true }));\n                    arguments[0].dispatchEvent(new Event('change', { bubbles: true }));\n                `, dobElement, format);\n                \n                const testValue = await dobElement.getAttribute('value');\n                if (testValue.includes('2007') || testValue === format) {\n                    console.log(`✅ Alternative DOB format worked: ${testValue}`);\n                    break;\n                }\n            } catch (altError) {\n                console.log(`⚠️ Alternative format ${format} failed: ${altError.message}`);\n            }\n        }\n    }\n    \n    // Continue with address fields\n    await waitAndFillElement(driver, By.id('address'), user.street);\n    await waitAndFillElement(driver, By.id('postcode'), user.postalCode);\n    await waitAndFillElement(driver, By.id('city'), user.city);\n    await waitAndFillElement(driver, By.id('state'), user.state);\n    \n    // Handle country dropdown\n    console.log('🌍 Setting country...');\n    const countrySelect = await findElementWithRetry(driver, By.id('country'));\n    await driver.executeScript(\"arguments[0].scrollIntoView({behavior: 'smooth', block: 'center'});\", countrySelect);\n    await driver.sleep(60);\n    \n    try {\n        await countrySelect.click();\n        await driver.sleep(40);\n        await waitAndClick(driver, By.css(`option[value=\"${user.country}\"]`));\n    } catch (error) {\n        console.log('⚠️ Fallback to JavaScript for country selection');\n        await driver.executeScript(`arguments[0].value = '${user.country}';`, countrySelect);\n        await driver.executeScript(\"arguments[0].dispatchEvent(new Event('change', { bubbles: true }));\", countrySelect);\n    }\n    \n    await waitAndFillElement(driver, By.id('phone'), user.phone);\n    await waitAndFillElement(driver, By.id('email'), user.email);\n    \n    // Handle password\n    console.log('🔒 Setting password...');\n    const passwordInput = await findElementWithRetry(driver, By.css('app-password-input input[type=\"password\"]'));\n    await driver.executeScript(\"arguments[0].scrollIntoView({behavior: 'smooth', block: 'center'});\", passwordInput);\n    await driver.sleep(60);\n    await passwordInput.clear();\n    await passwordInput.sendKeys(user.password);\n    \n    console.log('✅ Form filled, submitting...');\n    \n    // Submit form with enhanced error handling\n    const submitButton = await findElementWithRetry(driver, By.css('button[type=\"submit\"]'));\n    await driver.executeScript(\"arguments[0].scrollIntoView({behavior: 'smooth', block: 'center'});\", submitButton);\n    await driver.sleep(100);\n    \n    // Ensure button is enabled\n    await driver.wait(until.elementIsEnabled(submitButton), 5000);\n    \n    try {\n        await submitButton.click();\n    } catch (error) {\n        console.log('⚠️ Using JavaScript click for submit');\n        await driver.executeScript(\"arguments[0].click();\", submitButton);\n    }\n    \n    // Wait for response and check for errors\n    await driver.sleep(600);\n    \n    const errorMessage = await checkForErrorMessages(driver);\n    \n    // Check result\n    const currentUrl = await driver.getCurrentUrl();\n    let actualResult = currentUrl.includes('/auth/login') ? 'Success' : 'Fail';\n    \n    // Special handling for \"Out of stock\" error\n    if (errorMessage.toLowerCase().includes('out of stock')) {\n        console.log('⚠️ Out of stock error detected - treating as system issue');\n        actualResult = 'SystemError';\n    }\n    \n    if (actualResult === 'Success') {\n        successfulRegistrations.push(user);\n        console.log(`✅ ${user.testCaseID}: Registration SUCCESS - redirected to login`);\n    } else if (actualResult === 'SystemError') {\n        console.log(`⚠️ ${user.testCaseID}: System error (Out of stock) - skipping assertion`);\n        return; // Skip this test due to system error\n    } else {\n        failedRegistrations.push(user.testCaseID);\n        console.log(`⚠ ${user.testCaseID}: Registration FAILED - still on registration page`);\n        if (errorMessage) {\n            console.log(`   Error: ${errorMessage}`);\n        }\n    }\n    \n    // Compare with expected result (skip if system error)\n    if (actualResult !== 'SystemError') {\n        expect(actualResult, `${user.testCaseID} expected ${user.expectedResult}`).to.equal(user.expectedResult);\n    }\n    \n} catch (error) {\n    failedRegistrations.push(user.testCaseID);\n    console.log(`⚠ ${user.testCaseID}: Error - ${error.message}`);\n    \n    // Take screenshot for debugging\n    await takeErrorScreenshot(driver, user.testCaseID);\n    \n    throw error;\n}",
              "err": {},
              "uuid": "8a611311-208f-4253-90ed-c91bf067a4ca",
              "parentUUID": "0a4b5118-9caa-40fb-8a52-4edb718333d4",
              "isHook": false,
              "skipped": false
            },
            {
              "title": "📝 Register Sign Up-TC02: Nguyen Van",
              "fullTitle": "📝 Registration Test Suite 📝 Register Sign Up-TC02: Nguyen Van",
              "timedOut": false,
              "duration": 7335,
              "state": "passed",
              "speed": "slow",
              "pass": true,
              "fail": false,
              "pending": false,
              "context": null,
              "code": "this.timeout(testConfig.timeouts.testCase);\n\ntry {\n    console.log(`\\n🔄 Starting registration test ${index + 1}/${testUsers.length}: ${user.testCaseID}`);\n    \n    // Fresh start - navigate to homepage\n    await driver.get(testConfig.baseUrl);\n    await driver.sleep(400);\n    \n    // Navigate to registration page\n    await waitAndClick(driver, By.css('[data-test=\"nav-sign-in\"]'));\n    await driver.sleep(100);\n    await waitAndClick(driver, By.css('[data-test=\"register-link\"]'));\n    \n    // Wait for registration form to load completely\n    await driver.wait(until.elementLocated(By.id('first_name')), testConfig.timeouts.elementWait);\n    await driver.sleep(200); // Wait for form to be fully interactive\n    \n    // Reset any existing form state\n    await resetFormState(driver);\n    \n    // Fill form step by step with verification\n    console.log('📋 Filling form fields...');\n    \n    await waitAndFillElement(driver, By.id('first_name'), user.firstName);\n    await waitAndFillElement(driver, By.id('last_name'), user.lastName);\n    \n    // Handle Date of Birth with enhanced approach\n    console.log(`📅 Setting DOB: ${user.dob}`);\n    const dobElement = await findElementWithRetry(driver, By.id('dob'));\n    \n    await driver.executeScript(\"arguments[0].scrollIntoView({behavior: 'smooth', block: 'center'});\", dobElement);\n    await driver.sleep(60);\n    \n    // Use the enhanced date setting function\n    try {\n        const finalValue = await setDateValue(driver, dobElement, user.dob);\n        console.log(`📅 DOB successfully set to: ${finalValue}`);\n    } catch (error) {\n        console.log(`⚠ Failed to set DOB: ${error.message}`);\n        \n        // Last resort: try different date formats\n        const alternativeFormats = [\n            user.dob, // 2007-06-08\n            user.dob.replace(/-/g, '/'), // 2007/06/08\n            user.dob.split('-').reverse().join('/'), // 08/06/2007\n            user.dob.split('-').slice(1).concat(user.dob.split('-')[0]).join('/') // 06/08/2007\n        ];\n        \n        for (const format of alternativeFormats) {\n            try {\n                console.log(`⚠️ Trying alternative DOB format: ${format}`);\n                await driver.executeScript(`\n                    arguments[0].value = '';\n                    arguments[0].value = arguments[1];\n                    arguments[0].dispatchEvent(new Event('input', { bubbles: true }));\n                    arguments[0].dispatchEvent(new Event('change', { bubbles: true }));\n                `, dobElement, format);\n                \n                const testValue = await dobElement.getAttribute('value');\n                if (testValue.includes('2007') || testValue === format) {\n                    console.log(`✅ Alternative DOB format worked: ${testValue}`);\n                    break;\n                }\n            } catch (altError) {\n                console.log(`⚠️ Alternative format ${format} failed: ${altError.message}`);\n            }\n        }\n    }\n    \n    // Continue with address fields\n    await waitAndFillElement(driver, By.id('address'), user.street);\n    await waitAndFillElement(driver, By.id('postcode'), user.postalCode);\n    await waitAndFillElement(driver, By.id('city'), user.city);\n    await waitAndFillElement(driver, By.id('state'), user.state);\n    \n    // Handle country dropdown\n    console.log('🌍 Setting country...');\n    const countrySelect = await findElementWithRetry(driver, By.id('country'));\n    await driver.executeScript(\"arguments[0].scrollIntoView({behavior: 'smooth', block: 'center'});\", countrySelect);\n    await driver.sleep(60);\n    \n    try {\n        await countrySelect.click();\n        await driver.sleep(40);\n        await waitAndClick(driver, By.css(`option[value=\"${user.country}\"]`));\n    } catch (error) {\n        console.log('⚠️ Fallback to JavaScript for country selection');\n        await driver.executeScript(`arguments[0].value = '${user.country}';`, countrySelect);\n        await driver.executeScript(\"arguments[0].dispatchEvent(new Event('change', { bubbles: true }));\", countrySelect);\n    }\n    \n    await waitAndFillElement(driver, By.id('phone'), user.phone);\n    await waitAndFillElement(driver, By.id('email'), user.email);\n    \n    // Handle password\n    console.log('🔒 Setting password...');\n    const passwordInput = await findElementWithRetry(driver, By.css('app-password-input input[type=\"password\"]'));\n    await driver.executeScript(\"arguments[0].scrollIntoView({behavior: 'smooth', block: 'center'});\", passwordInput);\n    await driver.sleep(60);\n    await passwordInput.clear();\n    await passwordInput.sendKeys(user.password);\n    \n    console.log('✅ Form filled, submitting...');\n    \n    // Submit form with enhanced error handling\n    const submitButton = await findElementWithRetry(driver, By.css('button[type=\"submit\"]'));\n    await driver.executeScript(\"arguments[0].scrollIntoView({behavior: 'smooth', block: 'center'});\", submitButton);\n    await driver.sleep(100);\n    \n    // Ensure button is enabled\n    await driver.wait(until.elementIsEnabled(submitButton), 5000);\n    \n    try {\n        await submitButton.click();\n    } catch (error) {\n        console.log('⚠️ Using JavaScript click for submit');\n        await driver.executeScript(\"arguments[0].click();\", submitButton);\n    }\n    \n    // Wait for response and check for errors\n    await driver.sleep(600);\n    \n    const errorMessage = await checkForErrorMessages(driver);\n    \n    // Check result\n    const currentUrl = await driver.getCurrentUrl();\n    let actualResult = currentUrl.includes('/auth/login') ? 'Success' : 'Fail';\n    \n    // Special handling for \"Out of stock\" error\n    if (errorMessage.toLowerCase().includes('out of stock')) {\n        console.log('⚠️ Out of stock error detected - treating as system issue');\n        actualResult = 'SystemError';\n    }\n    \n    if (actualResult === 'Success') {\n        successfulRegistrations.push(user);\n        console.log(`✅ ${user.testCaseID}: Registration SUCCESS - redirected to login`);\n    } else if (actualResult === 'SystemError') {\n        console.log(`⚠️ ${user.testCaseID}: System error (Out of stock) - skipping assertion`);\n        return; // Skip this test due to system error\n    } else {\n        failedRegistrations.push(user.testCaseID);\n        console.log(`⚠ ${user.testCaseID}: Registration FAILED - still on registration page`);\n        if (errorMessage) {\n            console.log(`   Error: ${errorMessage}`);\n        }\n    }\n    \n    // Compare with expected result (skip if system error)\n    if (actualResult !== 'SystemError') {\n        expect(actualResult, `${user.testCaseID} expected ${user.expectedResult}`).to.equal(user.expectedResult);\n    }\n    \n} catch (error) {\n    failedRegistrations.push(user.testCaseID);\n    console.log(`⚠ ${user.testCaseID}: Error - ${error.message}`);\n    \n    // Take screenshot for debugging\n    await takeErrorScreenshot(driver, user.testCaseID);\n    \n    throw error;\n}",
              "err": {},
              "uuid": "a068a1e7-87eb-4b19-b926-681ad9172bcb",
              "parentUUID": "0a4b5118-9caa-40fb-8a52-4edb718333d4",
              "isHook": false,
              "skipped": false
            },
            {
              "title": "📝 Register Sign Up-TC03: Nguyen Van",
              "fullTitle": "📝 Registration Test Suite 📝 Register Sign Up-TC03: Nguyen Van",
              "timedOut": false,
              "duration": 7357,
              "state": "passed",
              "speed": "slow",
              "pass": true,
              "fail": false,
              "pending": false,
              "context": null,
              "code": "this.timeout(testConfig.timeouts.testCase);\n\ntry {\n    console.log(`\\n🔄 Starting registration test ${index + 1}/${testUsers.length}: ${user.testCaseID}`);\n    \n    // Fresh start - navigate to homepage\n    await driver.get(testConfig.baseUrl);\n    await driver.sleep(400);\n    \n    // Navigate to registration page\n    await waitAndClick(driver, By.css('[data-test=\"nav-sign-in\"]'));\n    await driver.sleep(100);\n    await waitAndClick(driver, By.css('[data-test=\"register-link\"]'));\n    \n    // Wait for registration form to load completely\n    await driver.wait(until.elementLocated(By.id('first_name')), testConfig.timeouts.elementWait);\n    await driver.sleep(200); // Wait for form to be fully interactive\n    \n    // Reset any existing form state\n    await resetFormState(driver);\n    \n    // Fill form step by step with verification\n    console.log('📋 Filling form fields...');\n    \n    await waitAndFillElement(driver, By.id('first_name'), user.firstName);\n    await waitAndFillElement(driver, By.id('last_name'), user.lastName);\n    \n    // Handle Date of Birth with enhanced approach\n    console.log(`📅 Setting DOB: ${user.dob}`);\n    const dobElement = await findElementWithRetry(driver, By.id('dob'));\n    \n    await driver.executeScript(\"arguments[0].scrollIntoView({behavior: 'smooth', block: 'center'});\", dobElement);\n    await driver.sleep(60);\n    \n    // Use the enhanced date setting function\n    try {\n        const finalValue = await setDateValue(driver, dobElement, user.dob);\n        console.log(`📅 DOB successfully set to: ${finalValue}`);\n    } catch (error) {\n        console.log(`⚠ Failed to set DOB: ${error.message}`);\n        \n        // Last resort: try different date formats\n        const alternativeFormats = [\n            user.dob, // 2007-06-08\n            user.dob.replace(/-/g, '/'), // 2007/06/08\n            user.dob.split('-').reverse().join('/'), // 08/06/2007\n            user.dob.split('-').slice(1).concat(user.dob.split('-')[0]).join('/') // 06/08/2007\n        ];\n        \n        for (const format of alternativeFormats) {\n            try {\n                console.log(`⚠️ Trying alternative DOB format: ${format}`);\n                await driver.executeScript(`\n                    arguments[0].value = '';\n                    arguments[0].value = arguments[1];\n                    arguments[0].dispatchEvent(new Event('input', { bubbles: true }));\n                    arguments[0].dispatchEvent(new Event('change', { bubbles: true }));\n                `, dobElement, format);\n                \n                const testValue = await dobElement.getAttribute('value');\n                if (testValue.includes('2007') || testValue === format) {\n                    console.log(`✅ Alternative DOB format worked: ${testValue}`);\n                    break;\n                }\n            } catch (altError) {\n                console.log(`⚠️ Alternative format ${format} failed: ${altError.message}`);\n            }\n        }\n    }\n    \n    // Continue with address fields\n    await waitAndFillElement(driver, By.id('address'), user.street);\n    await waitAndFillElement(driver, By.id('postcode'), user.postalCode);\n    await waitAndFillElement(driver, By.id('city'), user.city);\n    await waitAndFillElement(driver, By.id('state'), user.state);\n    \n    // Handle country dropdown\n    console.log('🌍 Setting country...');\n    const countrySelect = await findElementWithRetry(driver, By.id('country'));\n    await driver.executeScript(\"arguments[0].scrollIntoView({behavior: 'smooth', block: 'center'});\", countrySelect);\n    await driver.sleep(60);\n    \n    try {\n        await countrySelect.click();\n        await driver.sleep(40);\n        await waitAndClick(driver, By.css(`option[value=\"${user.country}\"]`));\n    } catch (error) {\n        console.log('⚠️ Fallback to JavaScript for country selection');\n        await driver.executeScript(`arguments[0].value = '${user.country}';`, countrySelect);\n        await driver.executeScript(\"arguments[0].dispatchEvent(new Event('change', { bubbles: true }));\", countrySelect);\n    }\n    \n    await waitAndFillElement(driver, By.id('phone'), user.phone);\n    await waitAndFillElement(driver, By.id('email'), user.email);\n    \n    // Handle password\n    console.log('🔒 Setting password...');\n    const passwordInput = await findElementWithRetry(driver, By.css('app-password-input input[type=\"password\"]'));\n    await driver.executeScript(\"arguments[0].scrollIntoView({behavior: 'smooth', block: 'center'});\", passwordInput);\n    await driver.sleep(60);\n    await passwordInput.clear();\n    await passwordInput.sendKeys(user.password);\n    \n    console.log('✅ Form filled, submitting...');\n    \n    // Submit form with enhanced error handling\n    const submitButton = await findElementWithRetry(driver, By.css('button[type=\"submit\"]'));\n    await driver.executeScript(\"arguments[0].scrollIntoView({behavior: 'smooth', block: 'center'});\", submitButton);\n    await driver.sleep(100);\n    \n    // Ensure button is enabled\n    await driver.wait(until.elementIsEnabled(submitButton), 5000);\n    \n    try {\n        await submitButton.click();\n    } catch (error) {\n        console.log('⚠️ Using JavaScript click for submit');\n        await driver.executeScript(\"arguments[0].click();\", submitButton);\n    }\n    \n    // Wait for response and check for errors\n    await driver.sleep(600);\n    \n    const errorMessage = await checkForErrorMessages(driver);\n    \n    // Check result\n    const currentUrl = await driver.getCurrentUrl();\n    let actualResult = currentUrl.includes('/auth/login') ? 'Success' : 'Fail';\n    \n    // Special handling for \"Out of stock\" error\n    if (errorMessage.toLowerCase().includes('out of stock')) {\n        console.log('⚠️ Out of stock error detected - treating as system issue');\n        actualResult = 'SystemError';\n    }\n    \n    if (actualResult === 'Success') {\n        successfulRegistrations.push(user);\n        console.log(`✅ ${user.testCaseID}: Registration SUCCESS - redirected to login`);\n    } else if (actualResult === 'SystemError') {\n        console.log(`⚠️ ${user.testCaseID}: System error (Out of stock) - skipping assertion`);\n        return; // Skip this test due to system error\n    } else {\n        failedRegistrations.push(user.testCaseID);\n        console.log(`⚠ ${user.testCaseID}: Registration FAILED - still on registration page`);\n        if (errorMessage) {\n            console.log(`   Error: ${errorMessage}`);\n        }\n    }\n    \n    // Compare with expected result (skip if system error)\n    if (actualResult !== 'SystemError') {\n        expect(actualResult, `${user.testCaseID} expected ${user.expectedResult}`).to.equal(user.expectedResult);\n    }\n    \n} catch (error) {\n    failedRegistrations.push(user.testCaseID);\n    console.log(`⚠ ${user.testCaseID}: Error - ${error.message}`);\n    \n    // Take screenshot for debugging\n    await takeErrorScreenshot(driver, user.testCaseID);\n    \n    throw error;\n}",
              "err": {},
              "uuid": "210aeab3-501f-460d-a997-0b6b42124e86",
              "parentUUID": "0a4b5118-9caa-40fb-8a52-4edb718333d4",
              "isHook": false,
              "skipped": false
            },
            {
              "title": "📝 Register Sign Up-TC04: Nguyen Van",
              "fullTitle": "📝 Registration Test Suite 📝 Register Sign Up-TC04: Nguyen Van",
              "timedOut": false,
              "duration": 22661,
              "state": "passed",
              "speed": "slow",
              "pass": true,
              "fail": false,
              "pending": false,
              "context": null,
              "code": "this.timeout(testConfig.timeouts.testCase);\n\ntry {\n    console.log(`\\n🔄 Starting registration test ${index + 1}/${testUsers.length}: ${user.testCaseID}`);\n    \n    // Fresh start - navigate to homepage\n    await driver.get(testConfig.baseUrl);\n    await driver.sleep(400);\n    \n    // Navigate to registration page\n    await waitAndClick(driver, By.css('[data-test=\"nav-sign-in\"]'));\n    await driver.sleep(100);\n    await waitAndClick(driver, By.css('[data-test=\"register-link\"]'));\n    \n    // Wait for registration form to load completely\n    await driver.wait(until.elementLocated(By.id('first_name')), testConfig.timeouts.elementWait);\n    await driver.sleep(200); // Wait for form to be fully interactive\n    \n    // Reset any existing form state\n    await resetFormState(driver);\n    \n    // Fill form step by step with verification\n    console.log('📋 Filling form fields...');\n    \n    await waitAndFillElement(driver, By.id('first_name'), user.firstName);\n    await waitAndFillElement(driver, By.id('last_name'), user.lastName);\n    \n    // Handle Date of Birth with enhanced approach\n    console.log(`📅 Setting DOB: ${user.dob}`);\n    const dobElement = await findElementWithRetry(driver, By.id('dob'));\n    \n    await driver.executeScript(\"arguments[0].scrollIntoView({behavior: 'smooth', block: 'center'});\", dobElement);\n    await driver.sleep(60);\n    \n    // Use the enhanced date setting function\n    try {\n        const finalValue = await setDateValue(driver, dobElement, user.dob);\n        console.log(`📅 DOB successfully set to: ${finalValue}`);\n    } catch (error) {\n        console.log(`⚠ Failed to set DOB: ${error.message}`);\n        \n        // Last resort: try different date formats\n        const alternativeFormats = [\n            user.dob, // 2007-06-08\n            user.dob.replace(/-/g, '/'), // 2007/06/08\n            user.dob.split('-').reverse().join('/'), // 08/06/2007\n            user.dob.split('-').slice(1).concat(user.dob.split('-')[0]).join('/') // 06/08/2007\n        ];\n        \n        for (const format of alternativeFormats) {\n            try {\n                console.log(`⚠️ Trying alternative DOB format: ${format}`);\n                await driver.executeScript(`\n                    arguments[0].value = '';\n                    arguments[0].value = arguments[1];\n                    arguments[0].dispatchEvent(new Event('input', { bubbles: true }));\n                    arguments[0].dispatchEvent(new Event('change', { bubbles: true }));\n                `, dobElement, format);\n                \n                const testValue = await dobElement.getAttribute('value');\n                if (testValue.includes('2007') || testValue === format) {\n                    console.log(`✅ Alternative DOB format worked: ${testValue}`);\n                    break;\n                }\n            } catch (altError) {\n                console.log(`⚠️ Alternative format ${format} failed: ${altError.message}`);\n            }\n        }\n    }\n    \n    // Continue with address fields\n    await waitAndFillElement(driver, By.id('address'), user.street);\n    await waitAndFillElement(driver, By.id('postcode'), user.postalCode);\n    await waitAndFillElement(driver, By.id('city'), user.city);\n    await waitAndFillElement(driver, By.id('state'), user.state);\n    \n    // Handle country dropdown\n    console.log('🌍 Setting country...');\n    const countrySelect = await findElementWithRetry(driver, By.id('country'));\n    await driver.executeScript(\"arguments[0].scrollIntoView({behavior: 'smooth', block: 'center'});\", countrySelect);\n    await driver.sleep(60);\n    \n    try {\n        await countrySelect.click();\n        await driver.sleep(40);\n        await waitAndClick(driver, By.css(`option[value=\"${user.country}\"]`));\n    } catch (error) {\n        console.log('⚠️ Fallback to JavaScript for country selection');\n        await driver.executeScript(`arguments[0].value = '${user.country}';`, countrySelect);\n        await driver.executeScript(\"arguments[0].dispatchEvent(new Event('change', { bubbles: true }));\", countrySelect);\n    }\n    \n    await waitAndFillElement(driver, By.id('phone'), user.phone);\n    await waitAndFillElement(driver, By.id('email'), user.email);\n    \n    // Handle password\n    console.log('🔒 Setting password...');\n    const passwordInput = await findElementWithRetry(driver, By.css('app-password-input input[type=\"password\"]'));\n    await driver.executeScript(\"arguments[0].scrollIntoView({behavior: 'smooth', block: 'center'});\", passwordInput);\n    await driver.sleep(60);\n    await passwordInput.clear();\n    await passwordInput.sendKeys(user.password);\n    \n    console.log('✅ Form filled, submitting...');\n    \n    // Submit form with enhanced error handling\n    const submitButton = await findElementWithRetry(driver, By.css('button[type=\"submit\"]'));\n    await driver.executeScript(\"arguments[0].scrollIntoView({behavior: 'smooth', block: 'center'});\", submitButton);\n    await driver.sleep(100);\n    \n    // Ensure button is enabled\n    await driver.wait(until.elementIsEnabled(submitButton), 5000);\n    \n    try {\n        await submitButton.click();\n    } catch (error) {\n        console.log('⚠️ Using JavaScript click for submit');\n        await driver.executeScript(\"arguments[0].click();\", submitButton);\n    }\n    \n    // Wait for response and check for errors\n    await driver.sleep(600);\n    \n    const errorMessage = await checkForErrorMessages(driver);\n    \n    // Check result\n    const currentUrl = await driver.getCurrentUrl();\n    let actualResult = currentUrl.includes('/auth/login') ? 'Success' : 'Fail';\n    \n    // Special handling for \"Out of stock\" error\n    if (errorMessage.toLowerCase().includes('out of stock')) {\n        console.log('⚠️ Out of stock error detected - treating as system issue');\n        actualResult = 'SystemError';\n    }\n    \n    if (actualResult === 'Success') {\n        successfulRegistrations.push(user);\n        console.log(`✅ ${user.testCaseID}: Registration SUCCESS - redirected to login`);\n    } else if (actualResult === 'SystemError') {\n        console.log(`⚠️ ${user.testCaseID}: System error (Out of stock) - skipping assertion`);\n        return; // Skip this test due to system error\n    } else {\n        failedRegistrations.push(user.testCaseID);\n        console.log(`⚠ ${user.testCaseID}: Registration FAILED - still on registration page`);\n        if (errorMessage) {\n            console.log(`   Error: ${errorMessage}`);\n        }\n    }\n    \n    // Compare with expected result (skip if system error)\n    if (actualResult !== 'SystemError') {\n        expect(actualResult, `${user.testCaseID} expected ${user.expectedResult}`).to.equal(user.expectedResult);\n    }\n    \n} catch (error) {\n    failedRegistrations.push(user.testCaseID);\n    console.log(`⚠ ${user.testCaseID}: Error - ${error.message}`);\n    \n    // Take screenshot for debugging\n    await takeErrorScreenshot(driver, user.testCaseID);\n    \n    throw error;\n}",
              "err": {},
              "uuid": "ccd285a3-a13b-4946-8c38-78be10bd6b5c",
              "parentUUID": "0a4b5118-9caa-40fb-8a52-4edb718333d4",
              "isHook": false,
              "skipped": false
            },
            {
              "title": "📝 Register Sign Up-TC05: Nguyen Van",
              "fullTitle": "📝 Registration Test Suite 📝 Register Sign Up-TC05: Nguyen Van",
              "timedOut": false,
              "duration": 22713,
              "state": "passed",
              "speed": "slow",
              "pass": true,
              "fail": false,
              "pending": false,
              "context": null,
              "code": "this.timeout(testConfig.timeouts.testCase);\n\ntry {\n    console.log(`\\n🔄 Starting registration test ${index + 1}/${testUsers.length}: ${user.testCaseID}`);\n    \n    // Fresh start - navigate to homepage\n    await driver.get(testConfig.baseUrl);\n    await driver.sleep(400);\n    \n    // Navigate to registration page\n    await waitAndClick(driver, By.css('[data-test=\"nav-sign-in\"]'));\n    await driver.sleep(100);\n    await waitAndClick(driver, By.css('[data-test=\"register-link\"]'));\n    \n    // Wait for registration form to load completely\n    await driver.wait(until.elementLocated(By.id('first_name')), testConfig.timeouts.elementWait);\n    await driver.sleep(200); // Wait for form to be fully interactive\n    \n    // Reset any existing form state\n    await resetFormState(driver);\n    \n    // Fill form step by step with verification\n    console.log('📋 Filling form fields...');\n    \n    await waitAndFillElement(driver, By.id('first_name'), user.firstName);\n    await waitAndFillElement(driver, By.id('last_name'), user.lastName);\n    \n    // Handle Date of Birth with enhanced approach\n    console.log(`📅 Setting DOB: ${user.dob}`);\n    const dobElement = await findElementWithRetry(driver, By.id('dob'));\n    \n    await driver.executeScript(\"arguments[0].scrollIntoView({behavior: 'smooth', block: 'center'});\", dobElement);\n    await driver.sleep(60);\n    \n    // Use the enhanced date setting function\n    try {\n        const finalValue = await setDateValue(driver, dobElement, user.dob);\n        console.log(`📅 DOB successfully set to: ${finalValue}`);\n    } catch (error) {\n        console.log(`⚠ Failed to set DOB: ${error.message}`);\n        \n        // Last resort: try different date formats\n        const alternativeFormats = [\n            user.dob, // 2007-06-08\n            user.dob.replace(/-/g, '/'), // 2007/06/08\n            user.dob.split('-').reverse().join('/'), // 08/06/2007\n            user.dob.split('-').slice(1).concat(user.dob.split('-')[0]).join('/') // 06/08/2007\n        ];\n        \n        for (const format of alternativeFormats) {\n            try {\n                console.log(`⚠️ Trying alternative DOB format: ${format}`);\n                await driver.executeScript(`\n                    arguments[0].value = '';\n                    arguments[0].value = arguments[1];\n                    arguments[0].dispatchEvent(new Event('input', { bubbles: true }));\n                    arguments[0].dispatchEvent(new Event('change', { bubbles: true }));\n                `, dobElement, format);\n                \n                const testValue = await dobElement.getAttribute('value');\n                if (testValue.includes('2007') || testValue === format) {\n                    console.log(`✅ Alternative DOB format worked: ${testValue}`);\n                    break;\n                }\n            } catch (altError) {\n                console.log(`⚠️ Alternative format ${format} failed: ${altError.message}`);\n            }\n        }\n    }\n    \n    // Continue with address fields\n    await waitAndFillElement(driver, By.id('address'), user.street);\n    await waitAndFillElement(driver, By.id('postcode'), user.postalCode);\n    await waitAndFillElement(driver, By.id('city'), user.city);\n    await waitAndFillElement(driver, By.id('state'), user.state);\n    \n    // Handle country dropdown\n    console.log('🌍 Setting country...');\n    const countrySelect = await findElementWithRetry(driver, By.id('country'));\n    await driver.executeScript(\"arguments[0].scrollIntoView({behavior: 'smooth', block: 'center'});\", countrySelect);\n    await driver.sleep(60);\n    \n    try {\n        await countrySelect.click();\n        await driver.sleep(40);\n        await waitAndClick(driver, By.css(`option[value=\"${user.country}\"]`));\n    } catch (error) {\n        console.log('⚠️ Fallback to JavaScript for country selection');\n        await driver.executeScript(`arguments[0].value = '${user.country}';`, countrySelect);\n        await driver.executeScript(\"arguments[0].dispatchEvent(new Event('change', { bubbles: true }));\", countrySelect);\n    }\n    \n    await waitAndFillElement(driver, By.id('phone'), user.phone);\n    await waitAndFillElement(driver, By.id('email'), user.email);\n    \n    // Handle password\n    console.log('🔒 Setting password...');\n    const passwordInput = await findElementWithRetry(driver, By.css('app-password-input input[type=\"password\"]'));\n    await driver.executeScript(\"arguments[0].scrollIntoView({behavior: 'smooth', block: 'center'});\", passwordInput);\n    await driver.sleep(60);\n    await passwordInput.clear();\n    await passwordInput.sendKeys(user.password);\n    \n    console.log('✅ Form filled, submitting...');\n    \n    // Submit form with enhanced error handling\n    const submitButton = await findElementWithRetry(driver, By.css('button[type=\"submit\"]'));\n    await driver.executeScript(\"arguments[0].scrollIntoView({behavior: 'smooth', block: 'center'});\", submitButton);\n    await driver.sleep(100);\n    \n    // Ensure button is enabled\n    await driver.wait(until.elementIsEnabled(submitButton), 5000);\n    \n    try {\n        await submitButton.click();\n    } catch (error) {\n        console.log('⚠️ Using JavaScript click for submit');\n        await driver.executeScript(\"arguments[0].click();\", submitButton);\n    }\n    \n    // Wait for response and check for errors\n    await driver.sleep(600);\n    \n    const errorMessage = await checkForErrorMessages(driver);\n    \n    // Check result\n    const currentUrl = await driver.getCurrentUrl();\n    let actualResult = currentUrl.includes('/auth/login') ? 'Success' : 'Fail';\n    \n    // Special handling for \"Out of stock\" error\n    if (errorMessage.toLowerCase().includes('out of stock')) {\n        console.log('⚠️ Out of stock error detected - treating as system issue');\n        actualResult = 'SystemError';\n    }\n    \n    if (actualResult === 'Success') {\n        successfulRegistrations.push(user);\n        console.log(`✅ ${user.testCaseID}: Registration SUCCESS - redirected to login`);\n    } else if (actualResult === 'SystemError') {\n        console.log(`⚠️ ${user.testCaseID}: System error (Out of stock) - skipping assertion`);\n        return; // Skip this test due to system error\n    } else {\n        failedRegistrations.push(user.testCaseID);\n        console.log(`⚠ ${user.testCaseID}: Registration FAILED - still on registration page`);\n        if (errorMessage) {\n            console.log(`   Error: ${errorMessage}`);\n        }\n    }\n    \n    // Compare with expected result (skip if system error)\n    if (actualResult !== 'SystemError') {\n        expect(actualResult, `${user.testCaseID} expected ${user.expectedResult}`).to.equal(user.expectedResult);\n    }\n    \n} catch (error) {\n    failedRegistrations.push(user.testCaseID);\n    console.log(`⚠ ${user.testCaseID}: Error - ${error.message}`);\n    \n    // Take screenshot for debugging\n    await takeErrorScreenshot(driver, user.testCaseID);\n    \n    throw error;\n}",
              "err": {},
              "uuid": "e5ce6d44-35bb-4d45-ae95-32eaa901459c",
              "parentUUID": "0a4b5118-9caa-40fb-8a52-4edb718333d4",
              "isHook": false,
              "skipped": false
            },
            {
              "title": "📝 Register Sign Up-TC06: Nguyen Van",
              "fullTitle": "📝 Registration Test Suite 📝 Register Sign Up-TC06: Nguyen Van",
              "timedOut": false,
              "duration": 23005,
              "state": "passed",
              "speed": "slow",
              "pass": true,
              "fail": false,
              "pending": false,
              "context": null,
              "code": "this.timeout(testConfig.timeouts.testCase);\n\ntry {\n    console.log(`\\n🔄 Starting registration test ${index + 1}/${testUsers.length}: ${user.testCaseID}`);\n    \n    // Fresh start - navigate to homepage\n    await driver.get(testConfig.baseUrl);\n    await driver.sleep(400);\n    \n    // Navigate to registration page\n    await waitAndClick(driver, By.css('[data-test=\"nav-sign-in\"]'));\n    await driver.sleep(100);\n    await waitAndClick(driver, By.css('[data-test=\"register-link\"]'));\n    \n    // Wait for registration form to load completely\n    await driver.wait(until.elementLocated(By.id('first_name')), testConfig.timeouts.elementWait);\n    await driver.sleep(200); // Wait for form to be fully interactive\n    \n    // Reset any existing form state\n    await resetFormState(driver);\n    \n    // Fill form step by step with verification\n    console.log('📋 Filling form fields...');\n    \n    await waitAndFillElement(driver, By.id('first_name'), user.firstName);\n    await waitAndFillElement(driver, By.id('last_name'), user.lastName);\n    \n    // Handle Date of Birth with enhanced approach\n    console.log(`📅 Setting DOB: ${user.dob}`);\n    const dobElement = await findElementWithRetry(driver, By.id('dob'));\n    \n    await driver.executeScript(\"arguments[0].scrollIntoView({behavior: 'smooth', block: 'center'});\", dobElement);\n    await driver.sleep(60);\n    \n    // Use the enhanced date setting function\n    try {\n        const finalValue = await setDateValue(driver, dobElement, user.dob);\n        console.log(`📅 DOB successfully set to: ${finalValue}`);\n    } catch (error) {\n        console.log(`⚠ Failed to set DOB: ${error.message}`);\n        \n        // Last resort: try different date formats\n        const alternativeFormats = [\n            user.dob, // 2007-06-08\n            user.dob.replace(/-/g, '/'), // 2007/06/08\n            user.dob.split('-').reverse().join('/'), // 08/06/2007\n            user.dob.split('-').slice(1).concat(user.dob.split('-')[0]).join('/') // 06/08/2007\n        ];\n        \n        for (const format of alternativeFormats) {\n            try {\n                console.log(`⚠️ Trying alternative DOB format: ${format}`);\n                await driver.executeScript(`\n                    arguments[0].value = '';\n                    arguments[0].value = arguments[1];\n                    arguments[0].dispatchEvent(new Event('input', { bubbles: true }));\n                    arguments[0].dispatchEvent(new Event('change', { bubbles: true }));\n                `, dobElement, format);\n                \n                const testValue = await dobElement.getAttribute('value');\n                if (testValue.includes('2007') || testValue === format) {\n                    console.log(`✅ Alternative DOB format worked: ${testValue}`);\n                    break;\n                }\n            } catch (altError) {\n                console.log(`⚠️ Alternative format ${format} failed: ${altError.message}`);\n            }\n        }\n    }\n    \n    // Continue with address fields\n    await waitAndFillElement(driver, By.id('address'), user.street);\n    await waitAndFillElement(driver, By.id('postcode'), user.postalCode);\n    await waitAndFillElement(driver, By.id('city'), user.city);\n    await waitAndFillElement(driver, By.id('state'), user.state);\n    \n    // Handle country dropdown\n    console.log('🌍 Setting country...');\n    const countrySelect = await findElementWithRetry(driver, By.id('country'));\n    await driver.executeScript(\"arguments[0].scrollIntoView({behavior: 'smooth', block: 'center'});\", countrySelect);\n    await driver.sleep(60);\n    \n    try {\n        await countrySelect.click();\n        await driver.sleep(40);\n        await waitAndClick(driver, By.css(`option[value=\"${user.country}\"]`));\n    } catch (error) {\n        console.log('⚠️ Fallback to JavaScript for country selection');\n        await driver.executeScript(`arguments[0].value = '${user.country}';`, countrySelect);\n        await driver.executeScript(\"arguments[0].dispatchEvent(new Event('change', { bubbles: true }));\", countrySelect);\n    }\n    \n    await waitAndFillElement(driver, By.id('phone'), user.phone);\n    await waitAndFillElement(driver, By.id('email'), user.email);\n    \n    // Handle password\n    console.log('🔒 Setting password...');\n    const passwordInput = await findElementWithRetry(driver, By.css('app-password-input input[type=\"password\"]'));\n    await driver.executeScript(\"arguments[0].scrollIntoView({behavior: 'smooth', block: 'center'});\", passwordInput);\n    await driver.sleep(60);\n    await passwordInput.clear();\n    await passwordInput.sendKeys(user.password);\n    \n    console.log('✅ Form filled, submitting...');\n    \n    // Submit form with enhanced error handling\n    const submitButton = await findElementWithRetry(driver, By.css('button[type=\"submit\"]'));\n    await driver.executeScript(\"arguments[0].scrollIntoView({behavior: 'smooth', block: 'center'});\", submitButton);\n    await driver.sleep(100);\n    \n    // Ensure button is enabled\n    await driver.wait(until.elementIsEnabled(submitButton), 5000);\n    \n    try {\n        await submitButton.click();\n    } catch (error) {\n        console.log('⚠️ Using JavaScript click for submit');\n        await driver.executeScript(\"arguments[0].click();\", submitButton);\n    }\n    \n    // Wait for response and check for errors\n    await driver.sleep(600);\n    \n    const errorMessage = await checkForErrorMessages(driver);\n    \n    // Check result\n    const currentUrl = await driver.getCurrentUrl();\n    let actualResult = currentUrl.includes('/auth/login') ? 'Success' : 'Fail';\n    \n    // Special handling for \"Out of stock\" error\n    if (errorMessage.toLowerCase().includes('out of stock')) {\n        console.log('⚠️ Out of stock error detected - treating as system issue');\n        actualResult = 'SystemError';\n    }\n    \n    if (actualResult === 'Success') {\n        successfulRegistrations.push(user);\n        console.log(`✅ ${user.testCaseID}: Registration SUCCESS - redirected to login`);\n    } else if (actualResult === 'SystemError') {\n        console.log(`⚠️ ${user.testCaseID}: System error (Out of stock) - skipping assertion`);\n        return; // Skip this test due to system error\n    } else {\n        failedRegistrations.push(user.testCaseID);\n        console.log(`⚠ ${user.testCaseID}: Registration FAILED - still on registration page`);\n        if (errorMessage) {\n            console.log(`   Error: ${errorMessage}`);\n        }\n    }\n    \n    // Compare with expected result (skip if system error)\n    if (actualResult !== 'SystemError') {\n        expect(actualResult, `${user.testCaseID} expected ${user.expectedResult}`).to.equal(user.expectedResult);\n    }\n    \n} catch (error) {\n    failedRegistrations.push(user.testCaseID);\n    console.log(`⚠ ${user.testCaseID}: Error - ${error.message}`);\n    \n    // Take screenshot for debugging\n    await takeErrorScreenshot(driver, user.testCaseID);\n    \n    throw error;\n}",
              "err": {},
              "uuid": "b8c72fba-cdd9-4962-8d0e-943a26e66f2b",
              "parentUUID": "0a4b5118-9caa-40fb-8a52-4edb718333d4",
              "isHook": false,
              "skipped": false
            },
            {
              "title": "📝 Register Sign Up-TC07: Nguyen Van",
              "fullTitle": "📝 Registration Test Suite 📝 Register Sign Up-TC07: Nguyen Van",
              "timedOut": false,
              "duration": 22559,
              "state": "passed",
              "speed": "slow",
              "pass": true,
              "fail": false,
              "pending": false,
              "context": null,
              "code": "this.timeout(testConfig.timeouts.testCase);\n\ntry {\n    console.log(`\\n🔄 Starting registration test ${index + 1}/${testUsers.length}: ${user.testCaseID}`);\n    \n    // Fresh start - navigate to homepage\n    await driver.get(testConfig.baseUrl);\n    await driver.sleep(400);\n    \n    // Navigate to registration page\n    await waitAndClick(driver, By.css('[data-test=\"nav-sign-in\"]'));\n    await driver.sleep(100);\n    await waitAndClick(driver, By.css('[data-test=\"register-link\"]'));\n    \n    // Wait for registration form to load completely\n    await driver.wait(until.elementLocated(By.id('first_name')), testConfig.timeouts.elementWait);\n    await driver.sleep(200); // Wait for form to be fully interactive\n    \n    // Reset any existing form state\n    await resetFormState(driver);\n    \n    // Fill form step by step with verification\n    console.log('📋 Filling form fields...');\n    \n    await waitAndFillElement(driver, By.id('first_name'), user.firstName);\n    await waitAndFillElement(driver, By.id('last_name'), user.lastName);\n    \n    // Handle Date of Birth with enhanced approach\n    console.log(`📅 Setting DOB: ${user.dob}`);\n    const dobElement = await findElementWithRetry(driver, By.id('dob'));\n    \n    await driver.executeScript(\"arguments[0].scrollIntoView({behavior: 'smooth', block: 'center'});\", dobElement);\n    await driver.sleep(60);\n    \n    // Use the enhanced date setting function\n    try {\n        const finalValue = await setDateValue(driver, dobElement, user.dob);\n        console.log(`📅 DOB successfully set to: ${finalValue}`);\n    } catch (error) {\n        console.log(`⚠ Failed to set DOB: ${error.message}`);\n        \n        // Last resort: try different date formats\n        const alternativeFormats = [\n            user.dob, // 2007-06-08\n            user.dob.replace(/-/g, '/'), // 2007/06/08\n            user.dob.split('-').reverse().join('/'), // 08/06/2007\n            user.dob.split('-').slice(1).concat(user.dob.split('-')[0]).join('/') // 06/08/2007\n        ];\n        \n        for (const format of alternativeFormats) {\n            try {\n                console.log(`⚠️ Trying alternative DOB format: ${format}`);\n                await driver.executeScript(`\n                    arguments[0].value = '';\n                    arguments[0].value = arguments[1];\n                    arguments[0].dispatchEvent(new Event('input', { bubbles: true }));\n                    arguments[0].dispatchEvent(new Event('change', { bubbles: true }));\n                `, dobElement, format);\n                \n                const testValue = await dobElement.getAttribute('value');\n                if (testValue.includes('2007') || testValue === format) {\n                    console.log(`✅ Alternative DOB format worked: ${testValue}`);\n                    break;\n                }\n            } catch (altError) {\n                console.log(`⚠️ Alternative format ${format} failed: ${altError.message}`);\n            }\n        }\n    }\n    \n    // Continue with address fields\n    await waitAndFillElement(driver, By.id('address'), user.street);\n    await waitAndFillElement(driver, By.id('postcode'), user.postalCode);\n    await waitAndFillElement(driver, By.id('city'), user.city);\n    await waitAndFillElement(driver, By.id('state'), user.state);\n    \n    // Handle country dropdown\n    console.log('🌍 Setting country...');\n    const countrySelect = await findElementWithRetry(driver, By.id('country'));\n    await driver.executeScript(\"arguments[0].scrollIntoView({behavior: 'smooth', block: 'center'});\", countrySelect);\n    await driver.sleep(60);\n    \n    try {\n        await countrySelect.click();\n        await driver.sleep(40);\n        await waitAndClick(driver, By.css(`option[value=\"${user.country}\"]`));\n    } catch (error) {\n        console.log('⚠️ Fallback to JavaScript for country selection');\n        await driver.executeScript(`arguments[0].value = '${user.country}';`, countrySelect);\n        await driver.executeScript(\"arguments[0].dispatchEvent(new Event('change', { bubbles: true }));\", countrySelect);\n    }\n    \n    await waitAndFillElement(driver, By.id('phone'), user.phone);\n    await waitAndFillElement(driver, By.id('email'), user.email);\n    \n    // Handle password\n    console.log('🔒 Setting password...');\n    const passwordInput = await findElementWithRetry(driver, By.css('app-password-input input[type=\"password\"]'));\n    await driver.executeScript(\"arguments[0].scrollIntoView({behavior: 'smooth', block: 'center'});\", passwordInput);\n    await driver.sleep(60);\n    await passwordInput.clear();\n    await passwordInput.sendKeys(user.password);\n    \n    console.log('✅ Form filled, submitting...');\n    \n    // Submit form with enhanced error handling\n    const submitButton = await findElementWithRetry(driver, By.css('button[type=\"submit\"]'));\n    await driver.executeScript(\"arguments[0].scrollIntoView({behavior: 'smooth', block: 'center'});\", submitButton);\n    await driver.sleep(100);\n    \n    // Ensure button is enabled\n    await driver.wait(until.elementIsEnabled(submitButton), 5000);\n    \n    try {\n        await submitButton.click();\n    } catch (error) {\n        console.log('⚠️ Using JavaScript click for submit');\n        await driver.executeScript(\"arguments[0].click();\", submitButton);\n    }\n    \n    // Wait for response and check for errors\n    await driver.sleep(600);\n    \n    const errorMessage = await checkForErrorMessages(driver);\n    \n    // Check result\n    const currentUrl = await driver.getCurrentUrl();\n    let actualResult = currentUrl.includes('/auth/login') ? 'Success' : 'Fail';\n    \n    // Special handling for \"Out of stock\" error\n    if (errorMessage.toLowerCase().includes('out of stock')) {\n        console.log('⚠️ Out of stock error detected - treating as system issue');\n        actualResult = 'SystemError';\n    }\n    \n    if (actualResult === 'Success') {\n        successfulRegistrations.push(user);\n        console.log(`✅ ${user.testCaseID}: Registration SUCCESS - redirected to login`);\n    } else if (actualResult === 'SystemError') {\n        console.log(`⚠️ ${user.testCaseID}: System error (Out of stock) - skipping assertion`);\n        return; // Skip this test due to system error\n    } else {\n        failedRegistrations.push(user.testCaseID);\n        console.log(`⚠ ${user.testCaseID}: Registration FAILED - still on registration page`);\n        if (errorMessage) {\n            console.log(`   Error: ${errorMessage}`);\n        }\n    }\n    \n    // Compare with expected result (skip if system error)\n    if (actualResult !== 'SystemError') {\n        expect(actualResult, `${user.testCaseID} expected ${user.expectedResult}`).to.equal(user.expectedResult);\n    }\n    \n} catch (error) {\n    failedRegistrations.push(user.testCaseID);\n    console.log(`⚠ ${user.testCaseID}: Error - ${error.message}`);\n    \n    // Take screenshot for debugging\n    await takeErrorScreenshot(driver, user.testCaseID);\n    \n    throw error;\n}",
              "err": {},
              "uuid": "e854a2d7-328f-48f5-97f3-d9850ec84793",
              "parentUUID": "0a4b5118-9caa-40fb-8a52-4edb718333d4",
              "isHook": false,
              "skipped": false
            },
            {
              "title": "📝 Register Sign Up-TC08: Nguyen Van",
              "fullTitle": "📝 Registration Test Suite 📝 Register Sign Up-TC08: Nguyen Van",
              "timedOut": false,
              "duration": 7258,
              "state": "passed",
              "speed": "slow",
              "pass": true,
              "fail": false,
              "pending": false,
              "context": null,
              "code": "this.timeout(testConfig.timeouts.testCase);\n\ntry {\n    console.log(`\\n🔄 Starting registration test ${index + 1}/${testUsers.length}: ${user.testCaseID}`);\n    \n    // Fresh start - navigate to homepage\n    await driver.get(testConfig.baseUrl);\n    await driver.sleep(400);\n    \n    // Navigate to registration page\n    await waitAndClick(driver, By.css('[data-test=\"nav-sign-in\"]'));\n    await driver.sleep(100);\n    await waitAndClick(driver, By.css('[data-test=\"register-link\"]'));\n    \n    // Wait for registration form to load completely\n    await driver.wait(until.elementLocated(By.id('first_name')), testConfig.timeouts.elementWait);\n    await driver.sleep(200); // Wait for form to be fully interactive\n    \n    // Reset any existing form state\n    await resetFormState(driver);\n    \n    // Fill form step by step with verification\n    console.log('📋 Filling form fields...');\n    \n    await waitAndFillElement(driver, By.id('first_name'), user.firstName);\n    await waitAndFillElement(driver, By.id('last_name'), user.lastName);\n    \n    // Handle Date of Birth with enhanced approach\n    console.log(`📅 Setting DOB: ${user.dob}`);\n    const dobElement = await findElementWithRetry(driver, By.id('dob'));\n    \n    await driver.executeScript(\"arguments[0].scrollIntoView({behavior: 'smooth', block: 'center'});\", dobElement);\n    await driver.sleep(60);\n    \n    // Use the enhanced date setting function\n    try {\n        const finalValue = await setDateValue(driver, dobElement, user.dob);\n        console.log(`📅 DOB successfully set to: ${finalValue}`);\n    } catch (error) {\n        console.log(`⚠ Failed to set DOB: ${error.message}`);\n        \n        // Last resort: try different date formats\n        const alternativeFormats = [\n            user.dob, // 2007-06-08\n            user.dob.replace(/-/g, '/'), // 2007/06/08\n            user.dob.split('-').reverse().join('/'), // 08/06/2007\n            user.dob.split('-').slice(1).concat(user.dob.split('-')[0]).join('/') // 06/08/2007\n        ];\n        \n        for (const format of alternativeFormats) {\n            try {\n                console.log(`⚠️ Trying alternative DOB format: ${format}`);\n                await driver.executeScript(`\n                    arguments[0].value = '';\n                    arguments[0].value = arguments[1];\n                    arguments[0].dispatchEvent(new Event('input', { bubbles: true }));\n                    arguments[0].dispatchEvent(new Event('change', { bubbles: true }));\n                `, dobElement, format);\n                \n                const testValue = await dobElement.getAttribute('value');\n                if (testValue.includes('2007') || testValue === format) {\n                    console.log(`✅ Alternative DOB format worked: ${testValue}`);\n                    break;\n                }\n            } catch (altError) {\n                console.log(`⚠️ Alternative format ${format} failed: ${altError.message}`);\n            }\n        }\n    }\n    \n    // Continue with address fields\n    await waitAndFillElement(driver, By.id('address'), user.street);\n    await waitAndFillElement(driver, By.id('postcode'), user.postalCode);\n    await waitAndFillElement(driver, By.id('city'), user.city);\n    await waitAndFillElement(driver, By.id('state'), user.state);\n    \n    // Handle country dropdown\n    console.log('🌍 Setting country...');\n    const countrySelect = await findElementWithRetry(driver, By.id('country'));\n    await driver.executeScript(\"arguments[0].scrollIntoView({behavior: 'smooth', block: 'center'});\", countrySelect);\n    await driver.sleep(60);\n    \n    try {\n        await countrySelect.click();\n        await driver.sleep(40);\n        await waitAndClick(driver, By.css(`option[value=\"${user.country}\"]`));\n    } catch (error) {\n        console.log('⚠️ Fallback to JavaScript for country selection');\n        await driver.executeScript(`arguments[0].value = '${user.country}';`, countrySelect);\n        await driver.executeScript(\"arguments[0].dispatchEvent(new Event('change', { bubbles: true }));\", countrySelect);\n    }\n    \n    await waitAndFillElement(driver, By.id('phone'), user.phone);\n    await waitAndFillElement(driver, By.id('email'), user.email);\n    \n    // Handle password\n    console.log('🔒 Setting password...');\n    const passwordInput = await findElementWithRetry(driver, By.css('app-password-input input[type=\"password\"]'));\n    await driver.executeScript(\"arguments[0].scrollIntoView({behavior: 'smooth', block: 'center'});\", passwordInput);\n    await driver.sleep(60);\n    await passwordInput.clear();\n    await passwordInput.sendKeys(user.password);\n    \n    console.log('✅ Form filled, submitting...');\n    \n    // Submit form with enhanced error handling\n    const submitButton = await findElementWithRetry(driver, By.css('button[type=\"submit\"]'));\n    await driver.executeScript(\"arguments[0].scrollIntoView({behavior: 'smooth', block: 'center'});\", submitButton);\n    await driver.sleep(100);\n    \n    // Ensure button is enabled\n    await driver.wait(until.elementIsEnabled(submitButton), 5000);\n    \n    try {\n        await submitButton.click();\n    } catch (error) {\n        console.log('⚠️ Using JavaScript click for submit');\n        await driver.executeScript(\"arguments[0].click();\", submitButton);\n    }\n    \n    // Wait for response and check for errors\n    await driver.sleep(600);\n    \n    const errorMessage = await checkForErrorMessages(driver);\n    \n    // Check result\n    const currentUrl = await driver.getCurrentUrl();\n    let actualResult = currentUrl.includes('/auth/login') ? 'Success' : 'Fail';\n    \n    // Special handling for \"Out of stock\" error\n    if (errorMessage.toLowerCase().includes('out of stock')) {\n        console.log('⚠️ Out of stock error detected - treating as system issue');\n        actualResult = 'SystemError';\n    }\n    \n    if (actualResult === 'Success') {\n        successfulRegistrations.push(user);\n        console.log(`✅ ${user.testCaseID}: Registration SUCCESS - redirected to login`);\n    } else if (actualResult === 'SystemError') {\n        console.log(`⚠️ ${user.testCaseID}: System error (Out of stock) - skipping assertion`);\n        return; // Skip this test due to system error\n    } else {\n        failedRegistrations.push(user.testCaseID);\n        console.log(`⚠ ${user.testCaseID}: Registration FAILED - still on registration page`);\n        if (errorMessage) {\n            console.log(`   Error: ${errorMessage}`);\n        }\n    }\n    \n    // Compare with expected result (skip if system error)\n    if (actualResult !== 'SystemError') {\n        expect(actualResult, `${user.testCaseID} expected ${user.expectedResult}`).to.equal(user.expectedResult);\n    }\n    \n} catch (error) {\n    failedRegistrations.push(user.testCaseID);\n    console.log(`⚠ ${user.testCaseID}: Error - ${error.message}`);\n    \n    // Take screenshot for debugging\n    await takeErrorScreenshot(driver, user.testCaseID);\n    \n    throw error;\n}",
              "err": {},
              "uuid": "d656a7c0-c84d-4fc0-8be1-c084771c3f5f",
              "parentUUID": "0a4b5118-9caa-40fb-8a52-4edb718333d4",
              "isHook": false,
              "skipped": false
            },
            {
              "title": "📝 Register Sign Up-TC09: Nguyen Van",
              "fullTitle": "📝 Registration Test Suite 📝 Register Sign Up-TC09: Nguyen Van",
              "timedOut": false,
              "duration": 22897,
              "state": "failed",
              "speed": null,
              "pass": false,
              "fail": true,
              "pending": false,
              "context": null,
              "code": "this.timeout(testConfig.timeouts.testCase);\n\ntry {\n    console.log(`\\n🔄 Starting registration test ${index + 1}/${testUsers.length}: ${user.testCaseID}`);\n    \n    // Fresh start - navigate to homepage\n    await driver.get(testConfig.baseUrl);\n    await driver.sleep(400);\n    \n    // Navigate to registration page\n    await waitAndClick(driver, By.css('[data-test=\"nav-sign-in\"]'));\n    await driver.sleep(100);\n    await waitAndClick(driver, By.css('[data-test=\"register-link\"]'));\n    \n    // Wait for registration form to load completely\n    await driver.wait(until.elementLocated(By.id('first_name')), testConfig.timeouts.elementWait);\n    await driver.sleep(200); // Wait for form to be fully interactive\n    \n    // Reset any existing form state\n    await resetFormState(driver);\n    \n    // Fill form step by step with verification\n    console.log('📋 Filling form fields...');\n    \n    await waitAndFillElement(driver, By.id('first_name'), user.firstName);\n    await waitAndFillElement(driver, By.id('last_name'), user.lastName);\n    \n    // Handle Date of Birth with enhanced approach\n    console.log(`📅 Setting DOB: ${user.dob}`);\n    const dobElement = await findElementWithRetry(driver, By.id('dob'));\n    \n    await driver.executeScript(\"arguments[0].scrollIntoView({behavior: 'smooth', block: 'center'});\", dobElement);\n    await driver.sleep(60);\n    \n    // Use the enhanced date setting function\n    try {\n        const finalValue = await setDateValue(driver, dobElement, user.dob);\n        console.log(`📅 DOB successfully set to: ${finalValue}`);\n    } catch (error) {\n        console.log(`⚠ Failed to set DOB: ${error.message}`);\n        \n        // Last resort: try different date formats\n        const alternativeFormats = [\n            user.dob, // 2007-06-08\n            user.dob.replace(/-/g, '/'), // 2007/06/08\n            user.dob.split('-').reverse().join('/'), // 08/06/2007\n            user.dob.split('-').slice(1).concat(user.dob.split('-')[0]).join('/') // 06/08/2007\n        ];\n        \n        for (const format of alternativeFormats) {\n            try {\n                console.log(`⚠️ Trying alternative DOB format: ${format}`);\n                await driver.executeScript(`\n                    arguments[0].value = '';\n                    arguments[0].value = arguments[1];\n                    arguments[0].dispatchEvent(new Event('input', { bubbles: true }));\n                    arguments[0].dispatchEvent(new Event('change', { bubbles: true }));\n                `, dobElement, format);\n                \n                const testValue = await dobElement.getAttribute('value');\n                if (testValue.includes('2007') || testValue === format) {\n                    console.log(`✅ Alternative DOB format worked: ${testValue}`);\n                    break;\n                }\n            } catch (altError) {\n                console.log(`⚠️ Alternative format ${format} failed: ${altError.message}`);\n            }\n        }\n    }\n    \n    // Continue with address fields\n    await waitAndFillElement(driver, By.id('address'), user.street);\n    await waitAndFillElement(driver, By.id('postcode'), user.postalCode);\n    await waitAndFillElement(driver, By.id('city'), user.city);\n    await waitAndFillElement(driver, By.id('state'), user.state);\n    \n    // Handle country dropdown\n    console.log('🌍 Setting country...');\n    const countrySelect = await findElementWithRetry(driver, By.id('country'));\n    await driver.executeScript(\"arguments[0].scrollIntoView({behavior: 'smooth', block: 'center'});\", countrySelect);\n    await driver.sleep(60);\n    \n    try {\n        await countrySelect.click();\n        await driver.sleep(40);\n        await waitAndClick(driver, By.css(`option[value=\"${user.country}\"]`));\n    } catch (error) {\n        console.log('⚠️ Fallback to JavaScript for country selection');\n        await driver.executeScript(`arguments[0].value = '${user.country}';`, countrySelect);\n        await driver.executeScript(\"arguments[0].dispatchEvent(new Event('change', { bubbles: true }));\", countrySelect);\n    }\n    \n    await waitAndFillElement(driver, By.id('phone'), user.phone);\n    await waitAndFillElement(driver, By.id('email'), user.email);\n    \n    // Handle password\n    console.log('🔒 Setting password...');\n    const passwordInput = await findElementWithRetry(driver, By.css('app-password-input input[type=\"password\"]'));\n    await driver.executeScript(\"arguments[0].scrollIntoView({behavior: 'smooth', block: 'center'});\", passwordInput);\n    await driver.sleep(60);\n    await passwordInput.clear();\n    await passwordInput.sendKeys(user.password);\n    \n    console.log('✅ Form filled, submitting...');\n    \n    // Submit form with enhanced error handling\n    const submitButton = await findElementWithRetry(driver, By.css('button[type=\"submit\"]'));\n    await driver.executeScript(\"arguments[0].scrollIntoView({behavior: 'smooth', block: 'center'});\", submitButton);\n    await driver.sleep(100);\n    \n    // Ensure button is enabled\n    await driver.wait(until.elementIsEnabled(submitButton), 5000);\n    \n    try {\n        await submitButton.click();\n    } catch (error) {\n        console.log('⚠️ Using JavaScript click for submit');\n        await driver.executeScript(\"arguments[0].click();\", submitButton);\n    }\n    \n    // Wait for response and check for errors\n    await driver.sleep(600);\n    \n    const errorMessage = await checkForErrorMessages(driver);\n    \n    // Check result\n    const currentUrl = await driver.getCurrentUrl();\n    let actualResult = currentUrl.includes('/auth/login') ? 'Success' : 'Fail';\n    \n    // Special handling for \"Out of stock\" error\n    if (errorMessage.toLowerCase().includes('out of stock')) {\n        console.log('⚠️ Out of stock error detected - treating as system issue');\n        actualResult = 'SystemError';\n    }\n    \n    if (actualResult === 'Success') {\n        successfulRegistrations.push(user);\n        console.log(`✅ ${user.testCaseID}: Registration SUCCESS - redirected to login`);\n    } else if (actualResult === 'SystemError') {\n        console.log(`⚠️ ${user.testCaseID}: System error (Out of stock) - skipping assertion`);\n        return; // Skip this test due to system error\n    } else {\n        failedRegistrations.push(user.testCaseID);\n        console.log(`⚠ ${user.testCaseID}: Registration FAILED - still on registration page`);\n        if (errorMessage) {\n            console.log(`   Error: ${errorMessage}`);\n        }\n    }\n    \n    // Compare with expected result (skip if system error)\n    if (actualResult !== 'SystemError') {\n        expect(actualResult, `${user.testCaseID} expected ${user.expectedResult}`).to.equal(user.expectedResult);\n    }\n    \n} catch (error) {\n    failedRegistrations.push(user.testCaseID);\n    console.log(`⚠ ${user.testCaseID}: Error - ${error.message}`);\n    \n    // Take screenshot for debugging\n    await takeErrorScreenshot(driver, user.testCaseID);\n    \n    throw error;\n}",
              "err": {
                "message": "AssertionError: Sign Up-TC09 expected Fail: expected 'Success' to equal 'Fail'",
                "estack": "AssertionError: Sign Up-TC09 expected Fail: expected 'Success' to equal 'Fail'\n    at Context.<anonymous> (file:///C:/demo-selenium/tests/mocha-data-driven.test.js:560:99)\n    at process.processTicksAndRejections (node:internal/process/task_queues:95:5)",
                "diff": "- Success\n+ Fail\n"
              },
              "uuid": "fe6aabd7-ce1e-40c7-8748-0e79fb58be39",
              "parentUUID": "0a4b5118-9caa-40fb-8a52-4edb718333d4",
              "isHook": false,
              "skipped": false
            },
            {
              "title": "📝 Register Sign Up-TC10: Nguyen Van",
              "fullTitle": "📝 Registration Test Suite 📝 Register Sign Up-TC10: Nguyen Van",
              "timedOut": false,
              "duration": 22924,
              "state": "passed",
              "speed": "slow",
              "pass": true,
              "fail": false,
              "pending": false,
              "context": null,
              "code": "this.timeout(testConfig.timeouts.testCase);\n\ntry {\n    console.log(`\\n🔄 Starting registration test ${index + 1}/${testUsers.length}: ${user.testCaseID}`);\n    \n    // Fresh start - navigate to homepage\n    await driver.get(testConfig.baseUrl);\n    await driver.sleep(400);\n    \n    // Navigate to registration page\n    await waitAndClick(driver, By.css('[data-test=\"nav-sign-in\"]'));\n    await driver.sleep(100);\n    await waitAndClick(driver, By.css('[data-test=\"register-link\"]'));\n    \n    // Wait for registration form to load completely\n    await driver.wait(until.elementLocated(By.id('first_name')), testConfig.timeouts.elementWait);\n    await driver.sleep(200); // Wait for form to be fully interactive\n    \n    // Reset any existing form state\n    await resetFormState(driver);\n    \n    // Fill form step by step with verification\n    console.log('📋 Filling form fields...');\n    \n    await waitAndFillElement(driver, By.id('first_name'), user.firstName);\n    await waitAndFillElement(driver, By.id('last_name'), user.lastName);\n    \n    // Handle Date of Birth with enhanced approach\n    console.log(`📅 Setting DOB: ${user.dob}`);\n    const dobElement = await findElementWithRetry(driver, By.id('dob'));\n    \n    await driver.executeScript(\"arguments[0].scrollIntoView({behavior: 'smooth', block: 'center'});\", dobElement);\n    await driver.sleep(60);\n    \n    // Use the enhanced date setting function\n    try {\n        const finalValue = await setDateValue(driver, dobElement, user.dob);\n        console.log(`📅 DOB successfully set to: ${finalValue}`);\n    } catch (error) {\n        console.log(`⚠ Failed to set DOB: ${error.message}`);\n        \n        // Last resort: try different date formats\n        const alternativeFormats = [\n            user.dob, // 2007-06-08\n            user.dob.replace(/-/g, '/'), // 2007/06/08\n            user.dob.split('-').reverse().join('/'), // 08/06/2007\n            user.dob.split('-').slice(1).concat(user.dob.split('-')[0]).join('/') // 06/08/2007\n        ];\n        \n        for (const format of alternativeFormats) {\n            try {\n                console.log(`⚠️ Trying alternative DOB format: ${format}`);\n                await driver.executeScript(`\n                    arguments[0].value = '';\n                    arguments[0].value = arguments[1];\n                    arguments[0].dispatchEvent(new Event('input', { bubbles: true }));\n                    arguments[0].dispatchEvent(new Event('change', { bubbles: true }));\n                `, dobElement, format);\n                \n                const testValue = await dobElement.getAttribute('value');\n                if (testValue.includes('2007') || testValue === format) {\n                    console.log(`✅ Alternative DOB format worked: ${testValue}`);\n                    break;\n                }\n            } catch (altError) {\n                console.log(`⚠️ Alternative format ${format} failed: ${altError.message}`);\n            }\n        }\n    }\n    \n    // Continue with address fields\n    await waitAndFillElement(driver, By.id('address'), user.street);\n    await waitAndFillElement(driver, By.id('postcode'), user.postalCode);\n    await waitAndFillElement(driver, By.id('city'), user.city);\n    await waitAndFillElement(driver, By.id('state'), user.state);\n    \n    // Handle country dropdown\n    console.log('🌍 Setting country...');\n    const countrySelect = await findElementWithRetry(driver, By.id('country'));\n    await driver.executeScript(\"arguments[0].scrollIntoView({behavior: 'smooth', block: 'center'});\", countrySelect);\n    await driver.sleep(60);\n    \n    try {\n        await countrySelect.click();\n        await driver.sleep(40);\n        await waitAndClick(driver, By.css(`option[value=\"${user.country}\"]`));\n    } catch (error) {\n        console.log('⚠️ Fallback to JavaScript for country selection');\n        await driver.executeScript(`arguments[0].value = '${user.country}';`, countrySelect);\n        await driver.executeScript(\"arguments[0].dispatchEvent(new Event('change', { bubbles: true }));\", countrySelect);\n    }\n    \n    await waitAndFillElement(driver, By.id('phone'), user.phone);\n    await waitAndFillElement(driver, By.id('email'), user.email);\n    \n    // Handle password\n    console.log('🔒 Setting password...');\n    const passwordInput = await findElementWithRetry(driver, By.css('app-password-input input[type=\"password\"]'));\n    await driver.executeScript(\"arguments[0].scrollIntoView({behavior: 'smooth', block: 'center'});\", passwordInput);\n    await driver.sleep(60);\n    await passwordInput.clear();\n    await passwordInput.sendKeys(user.password);\n    \n    console.log('✅ Form filled, submitting...');\n    \n    // Submit form with enhanced error handling\n    const submitButton = await findElementWithRetry(driver, By.css('button[type=\"submit\"]'));\n    await driver.executeScript(\"arguments[0].scrollIntoView({behavior: 'smooth', block: 'center'});\", submitButton);\n    await driver.sleep(100);\n    \n    // Ensure button is enabled\n    await driver.wait(until.elementIsEnabled(submitButton), 5000);\n    \n    try {\n        await submitButton.click();\n    } catch (error) {\n        console.log('⚠️ Using JavaScript click for submit');\n        await driver.executeScript(\"arguments[0].click();\", submitButton);\n    }\n    \n    // Wait for response and check for errors\n    await driver.sleep(600);\n    \n    const errorMessage = await checkForErrorMessages(driver);\n    \n    // Check result\n    const currentUrl = await driver.getCurrentUrl();\
[...]
n    // Fill email field\n    await waitAndFillElement(driver, By.id('email'), loginCase.email);\n    \n    // Fill password field - Use specific selector for app-password-input\n    console.log('🔑 Filling password field...');\n    const passwordElement = await findElementWithRetry(driver, By.css('app-password-input input[type=\"password\"]'));\n    \n    await driver.executeScript(\"arguments[0].scrollIntoView({behavior: 'smooth', block: 'center'});\", passwordElement);\n    await driver.sleep(60);\n    await passwordElement.clear();\n    await passwordElement.sendKeys(loginCase.password);\n    \n    console.log('✅ Form filled, submitting...');\n    \n    // Find and click submit button - Use specific selector from HTML\n    const submitSelectors = [\n        '[data-test=\"login-submit\"]',  // From your HTML: data-test=\"login-submit\"\n        'input[type=\"submit\"]',        // From your HTML: input type=\"submit\"\n        'input[value=\"Login\"]',        // From your HTML: value=\"Login\"\n        '.btnSubmit'                   // From your HTML: class=\"btnSubmit\"\n    ];\n    \n    let submitButton = null;\n    for (const selector of submitSelectors) {\n        try {\n            submitButton = await findElementWithRetry(driver, By.css(selector));\n            console.log(`✅ Found submit button with selector: ${selector}`);\n            break;\n        } catch (error) {\n            console.log(`⚠️ Submit selector ${selector} not found, trying next...`);\n        }\n    }\n    \n    if (!submitButton) {\n        throw new Error('Could not find submit button');\n    }\n    \n    await driver.executeScript(\"arguments[0].scrollIntoView({behavior: 'smooth', block: 'center'});\", submitButton);\n    await driver.sleep(100);\n    \n    // For input[type=\"submit\"], use click() method\n    try {\n        await submitButton.click();\n    } catch (error) {\n        console.log('⚠️ Using JavaScript click for submit');\n        await driver.executeScript(\"arguments[0].click();\", submitButton);\n    }\n    \n    // Wait for response\n    await driver.sleep(1000);\n    \n    // Check for error messages\n    const errorMessage = await checkForErrorMessages(driver);\n    \n    // Check result by URL or presence of dashboard elements\n    const currentUrl = await driver.getCurrentUrl();\n    let actualResult = 'Fail'; // Default to fail\n    \n    // Check various success indicators\n    const successIndicators = [\n        () => {\n            const expectedUrl = 'http://localhost:4200/#/account';\n            const isAccountUrl = currentUrl === expectedUrl || currentUrl === expectedUrl + '/';\n            if (isAccountUrl) console.log(`✅ URL khớp với trang tài khoản: ${currentUrl}`);\n            return isAccountUrl;\n        },\n        async () => {\n            const userMenuSelectors = [\n                '[data-test=\"user-menu\"]',\n                '[data-test=\"logout\"]',\n                '.user-menu',\n                'a[href*=\"logout\"]',\n                'button[data-test*=\"logout\"]'\n            ];\n            for (const selector of userMenuSelectors) {\n                try {\n                    const element = await driver.findElement(By.css(selector));\n                    if (await element.isDisplayed()) {\n                        console.log(`✅ Tìm thấy phần tử người dùng: ${selector}`);\n                        return true;\n                    }\n                } catch (e) {\n                    console.log(`⚠️ Không tìm thấy selector ${selector}`);\n                }\n            }\n            return false;\n        },\n    ];\n    \n    // Test success indicators\n    for (const indicator of successIndicators) {\n        try {\n            const isSuccess = typeof indicator === 'function' ? await indicator() : indicator;\n            if (isSuccess) {\n                actualResult = 'Success';\n                break;\n            }\n        } catch (error) {\n            // Continue to next indicator\n        }\n    }\n    \n    \n    // Log results\n    if (actualResult === 'Success') {\n        successfulLogins.push(loginCase);\n        console.log(`✅ ${loginCase.testCaseID}: Login SUCCESS`);\n        console.log(`   Current URL: ${currentUrl}`);\n    } else {\n        failedLogins.push(loginCase.testCaseID);\n        console.log(`⚠ ${loginCase.testCaseID}: Login FAILED`);\n        console.log(`   Current URL: ${currentUrl}`);\n        if (errorMessage) {\n            console.log(`   Error: ${errorMessage}`);\n        }\n    }\n    \n    // Compare with expected result\n    expect(actualResult, `${loginCase.testCaseID} expected ${loginCase.expectedResult}`).to.equal(loginCase.expectedResult);\n    \n} catch (error) {\n    failedLogins.push(loginCase.testCaseID);\n    console.log(`⚠ ${loginCase.testCaseID}: Error - ${error.message}`);\n    \n    // Take screenshot for debugging\n    await takeErrorScreenshot(driver, loginCase.testCaseID);\n    \n    throw error;\n}",
              "err": {},
              "uuid": "a77cc4bf-3b54-4b37-a8bd-99189a1b45a3",
              "parentUUID": "0bae6370-9359-4a7a-8ccd-daef96a7548b",
              "isHook": false,
              "skipped": false
            },
            {
              "title": "🔐 Login Sign In-TC13: tc13@a.vn",
              "fullTitle": "🔐 Login Test Suite 🔐 Login Sign In-TC13: tc13@a.vn",
              "timedOut": false,
              "duration": 23104,
              "state": "passed",
              "speed": "slow",
              "pass": true,
              "fail": false,
              "pending": false,
              "context": null,
              "code": "this.timeout(testConfig.timeouts.testCase);\n\ntry {\n    console.log(`\\n🔄 Starting login test ${index + 1}/${testLogins.length}: ${loginCase.testCaseID}`);\n    \n    // Fresh start - navigate to homepage\n    await driver.get(testConfig.baseUrl);\n    await driver.sleep(3000);\n    \n    // Navigate to login page\n    await waitAndClick(driver, By.css('[data-test=\"nav-sign-in\"]'));\n    \n    // Wait for login form to load completely\n    await driver.wait(until.elementLocated(By.id('email')), testConfig.timeouts.elementWait);\n    await driver.sleep(200); // Wait for form to be fully interactive\n    \n    // Reset any existing form state\n    await resetFormState(driver);\n    \n    // Fill login form\n    console.log('📋 Filling login form...');\n    console.log(`📧 Email: ${loginCase.email}`);\n    console.log(`🔑 Password: ${loginCase.password.replace(/./g, '*')}`);\n    \n    // Fill email field\n    await waitAndFillElement(driver, By.id('email'), loginCase.email);\n    \n    // Fill password field - Use specific selector for app-password-input\n    console.log('🔑 Filling password field...');\n    const passwordElement = await findElementWithRetry(driver, By.css('app-password-input input[type=\"password\"]'));\n    \n    await driver.executeScript(\"arguments[0].scrollIntoView({behavior: 'smooth', block: 'center'});\", passwordElement);\n    await driver.sleep(60);\n    await passwordElement.clear();\n    await passwordElement.sendKeys(loginCase.password);\n    \n    console.log('✅ Form filled, submitting...');\n    \n    // Find and click submit button - Use specific selector from HTML\n    const submitSelectors = [\n        '[data-test=\"login-submit\"]',  // From your HTML: data-test=\"login-submit\"\n        'input[type=\"submit\"]',        // From your HTML: input type=\"submit\"\n        'input[value=\"Login\"]',        // From your HTML: value=\"Login\"\n        '.btnSubmit'                   // From your HTML: class=\"btnSubmit\"\n    ];\n    \n    let submitButton = null;\n    for (const selector of submitSelectors) {\n        try {\n            submitButton = await findElementWithRetry(driver, By.css(selector));\n            console.log(`✅ Found submit button with selector: ${selector}`);\n            break;\n        } catch (error) {\n            console.log(`⚠️ Submit selector ${selector} not found, trying next...`);\n        }\n    }\n    \n    if (!submitButton) {\n        throw new Error('Could not find submit button');\n    }\n    \n    await driver.executeScript(\"arguments[0].scrollIntoView({behavior: 'smooth', block: 'center'});\", submitButton);\n    await driver.sleep(100);\n    \n    // For input[type=\"submit\"], use click() method\n    try {\n        await submitButton.click();\n    } catch (error) {\n        console.log('⚠️ Using JavaScript click for submit');\n        await driver.executeScript(\"arguments[0].click();\", submitButton);\n    }\n    \n    // Wait for response\n    await driver.sleep(1000);\n    \n    // Check for error messages\n    const errorMessage = await checkForErrorMessages(driver);\n    \n    // Check result by URL or presence of dashboard elements\n    const currentUrl = await driver.getCurrentUrl();\n    let actualResult = 'Fail'; // Default to fail\n    \n    // Check various success indicators\n    const successIndicators = [\n        () => {\n            const expectedUrl = 'http://localhost:4200/#/account';\n            const isAccountUrl = currentUrl === expectedUrl || currentUrl === expectedUrl + '/';\n            if (isAccountUrl) console.log(`✅ URL khớp với trang tài khoản: ${currentUrl}`);\n            return isAccountUrl;\n        },\n        async () => {\n            const userMenuSelectors = [\n                '[data-test=\"user-menu\"]',\n                '[data-test=\"logout\"]',\n                '.user-menu',\n                'a[href*=\"logout\"]',\n                'button[data-test*=\"logout\"]'\n            ];\n            for (const selector of userMenuSelectors) {\n                try {\n                    const element = await driver.findElement(By.css(selector));\n                    if (await element.isDisplayed()) {\n                        console.log(`✅ Tìm thấy phần tử người dùng: ${selector}`);\n                        return true;\n                    }\n                } catch (e) {\n                    console.log(`⚠️ Không tìm thấy selector ${selector}`);\n                }\n            }\n            return false;\n        },\n    ];\n    \n    // Test success indicators\n    for (const indicator of successIndicators) {\n        try {\n            const isSuccess = typeof indicator === 'function' ? await indicator() : indicator;\n            if (isSuccess) {\n                actualResult = 'Success';\n                break;\n            }\n        } catch (error) {\n            // Continue to next indicator\n        }\n    }\n    \n    \n    // Log results\n    if (actualResult === 'Success') {\n        successfulLogins.push(loginCase);\n        console.log(`✅ ${loginCase.testCaseID}: Login SUCCESS`);\n        console.log(`   Current URL: ${currentUrl}`);\n    } else {\n        failedLogins.push(loginCase.testCaseID);\n        console.log(`⚠ ${loginCase.testCaseID}: Login FAILED`);\n        console.log(`   Current URL: ${currentUrl}`);\n        if (errorMessage) {\n            console.log(`   Error: ${errorMessage}`);\n        }\n    }\n    \n    // Compare with expected result\n    expect(actualResult, `${loginCase.testCaseID} expected ${loginCase.expectedResult}`).to.equal(loginCase.expectedResult);\n    \n} catch (error) {\n    failedLogins.push(loginCase.testCaseID);\n    console.log(`⚠ ${loginCase.testCaseID}: Error - ${error.message}`);\n    \n    // Take screenshot for debugging\n    await takeErrorScreenshot(driver, loginCase.testCaseID);\n    \n    throw error;\n}",
              "err": {},
              "uuid": "910598dc-9454-4174-bd2b-7163dc98fbde",
              "parentUUID": "0bae6370-9359-4a7a-8ccd-daef96a7548b",
              "isHook": false,
              "skipped": false
            },
            {
              "title": "🔐 Login Sign In-TC14: user@domain.com",
              "fullTitle": "🔐 Login Test Suite 🔐 Login Sign In-TC14: user@domain.com",
              "timedOut": false,
              "duration": 12964,
              "state": "passed",
              "speed": "slow",
              "pass": true,
              "fail": false,
              "pending": false,
              "context": null,
              "code": "this.timeout(testConfig.timeouts.testCase);\n\ntry {\n    console.log(`\\n🔄 Starting login test ${index + 1}/${testLogins.length}: ${loginCase.testCaseID}`);\n    \n    // Fresh start - navigate to homepage\n    await driver.get(testConfig.baseUrl);\n    await driver.sleep(3000);\n    \n    // Navigate to login page\n    await waitAndClick(driver, By.css('[data-test=\"nav-sign-in\"]'));\n    \n    // Wait for login form to load completely\n    await driver.wait(until.elementLocated(By.id('email')), testConfig.timeouts.elementWait);\n    await driver.sleep(200); // Wait for form to be fully interactive\n    \n    // Reset any existing form state\n    await resetFormState(driver);\n    \n    // Fill login form\n    console.log('📋 Filling login form...');\n    console.log(`📧 Email: ${loginCase.email}`);\n    console.log(`🔑 Password: ${loginCase.password.replace(/./g, '*')}`);\n    \n    // Fill email field\n    await waitAndFillElement(driver, By.id('email'), loginCase.email);\n    \n    // Fill password field - Use specific selector for app-password-input\n    console.log('🔑 Filling password field...');\n    const passwordElement = await findElementWithRetry(driver, By.css('app-password-input input[type=\"password\"]'));\n    \n    await driver.executeScript(\"arguments[0].scrollIntoView({behavior: 'smooth', block: 'center'});\", passwordElement);\n    await driver.sleep(60);\n    await passwordElement.clear();\n    await passwordElement.sendKeys(loginCase.password);\n    \n    console.log('✅ Form filled, submitting...');\n    \n    // Find and click submit button - Use specific selector from HTML\n    const submitSelectors = [\n        '[data-test=\"login-submit\"]',  // From your HTML: data-test=\"login-submit\"\n        'input[type=\"submit\"]',        // From your HTML: input type=\"submit\"\n        'input[value=\"Login\"]',        // From your HTML: value=\"Login\"\n        '.btnSubmit'                   // From your HTML: class=\"btnSubmit\"\n    ];\n    \n    let submitButton = null;\n    for (const selector of submitSelectors) {\n        try {\n            submitButton = await findElementWithRetry(driver, By.css(selector));\n            console.log(`✅ Found submit button with selector: ${selector}`);\n            break;\n        } catch (error) {\n            console.log(`⚠️ Submit selector ${selector} not found, trying next...`);\n        }\n    }\n    \n    if (!submitButton) {\n        throw new Error('Could not find submit button');\n    }\n    \n    await driver.executeScript(\"arguments[0].scrollIntoView({behavior: 'smooth', block: 'center'});\", submitButton);\n    await driver.sleep(100);\n    \n    // For input[type=\"submit\"], use click() method\n    try {\n        await submitButton.click();\n    } catch (error) {\n        console.log('⚠️ Using JavaScript click for submit');\n        await driver.executeScript(\"arguments[0].click();\", submitButton);\n    }\n    \n    // Wait for response\n    await driver.sleep(1000);\n    \n    // Check for error messages\n    const errorMessage = await checkForErrorMessages(driver);\n    \n    // Check result by URL or presence of dashboard elements\n    const currentUrl = await driver.getCurrentUrl();\n    let actualResult = 'Fail'; // Default to fail\n    \n    // Check various success indicators\n    const successIndicators = [\n        () => {\n            const expectedUrl = 'http://localhost:4200/#/account';\n            const isAccountUrl = currentUrl === expectedUrl || currentUrl === expectedUrl + '/';\n            if (isAccountUrl) console.log(`✅ URL khớp với trang tài khoản: ${currentUrl}`);\n            return isAccountUrl;\n        },\n        async () => {\n            const userMenuSelectors = [\n                '[data-test=\"user-menu\"]',\n                '[data-test=\"logout\"]',\n                '.user-menu',\n                'a[href*=\"logout\"]',\n                'button[data-test*=\"logout\"]'\n            ];\n            for (const selector of userMenuSelectors) {\n                try {\n                    const element = await driver.findElement(By.css(selector));\n                    if (await element.isDisplayed()) {\n                        console.log(`✅ Tìm thấy phần tử người dùng: ${selector}`);\n                        return true;\n                    }\n                } catch (e) {\n                    console.log(`⚠️ Không tìm thấy selector ${selector}`);\n                }\n            }\n            return false;\n        },\n    ];\n    \n    // Test success indicators\n    for (const indicator of successIndicators) {\n        try {\n            const isSuccess = typeof indicator === 'function' ? await indicator() : indicator;\n            if (isSuccess) {\n                actualResult = 'Success';\n                break;\n            }\n        } catch (error) {\n            // Continue to next indicator\n        }\n    }\n    \n    \n    // Log results\n    if (actualResult === 'Success') {\n        successfulLogins.push(loginCase);\n        console.log(`✅ ${loginCase.testCaseID}: Login SUCCESS`);\n        console.log(`   Current URL: ${currentUrl}`);\n    } else {\n        failedLogins.push(loginCase.testCaseID);\n        console.log(`⚠ ${loginCase.testCaseID}: Login FAILED`);\n        console.log(`   Current URL: ${currentUrl}`);\n        if (errorMessage) {\n            console.log(`   Error: ${errorMessage}`);\n        }\n    }\n    \n    // Compare with expected result\n    expect(actualResult, `${loginCase.testCaseID} expected ${loginCase.expectedResult}`).to.equal(loginCase.expectedResult);\n    \n} catch (error) {\n    failedLogins.push(loginCase.testCaseID);\n    console.log(`⚠ ${loginCase.testCaseID}: Error - ${error.message}`);\n    \n    // Take screenshot for debugging\n    await takeErrorScreenshot(driver, loginCase.testCaseID);\n    \n    throw error;\n}",
              "err": {},
              "uuid": "115969b7-76d3-43eb-a71b-cdaf0baa5551",
              "parentUUID": "0bae6370-9359-4a7a-8ccd-daef96a7548b",
              "isHook": false,
              "skipped": false
            }
          ],
          "suites": [],
          "passes": [
            "8a5b3c94-845b-45ff-a15a-1c989c8d9afb",
            "83ef4539-3f4a-4f15-b6e9-e19841f66abd",
            "f208c981-01fe-441d-b56f-791ceddca7ef",
            "6f3fd9f5-946c-43fd-9981-20cbf055af34",
            "6ccbb8cf-8bdd-4b46-aec3-7ce9232374be",
            "a2038440-d798-476c-9e83-14d914e31798",
            "991026e9-a037-4fe2-a526-26acab4db6d4",
            "aaac7dce-76d5-4b58-8953-0950ba06b50c",
            "b1cef04a-0092-4b89-a918-23bb260a1071",
            "c7694f52-f17b-486b-bdb4-7cd1c268ce14",
            "a77cc4bf-3b54-4b37-a8bd-99189a1b45a3",
            "910598dc-9454-4174-bd2b-7163dc98fbde",
            "115969b7-76d3-43eb-a71b-cdaf0baa5551"
          ],
          "failures": [
            "bcc835d8-73bf-46e9-a2ea-25f7aa45efa5"
          ],
          "pending": [],
          "skipped": [],
          "duration": 284300,
          "root": false,
          "rootEmpty": false,
          "_timeout": 300000
        }
      ],
      "passes": [],
      "failures": [],
      "pending": [],
      "skipped": [],
      "duration": 0,
      "root": true,
      "rootEmpty": true,
      "_timeout": 120000
    }
  ],
  "meta": {
    "mocha": {
      "version": "11.7.1"
    },
    "mochawesome": {
      "options": {
        "quiet": false,
        "reportFilename": "test-report",
        "saveHtml": true,
        "saveJson": true,
        "consoleReporter": "spec",
        "useInlineDiffs": false,
        "code": true
      },
      "version": "7.1.3"
    },
    "marge": {
      "options": {
        "reportDir": "reports",
        "reportFilename": "test-report"
      },
      "version": "6.2.0"
    }
  }
}